<?xml version="1.0" encoding="UTF-8"?>
<testng-results ignored="0" total="8" passed="8" failed="0" skipped="0">
  <reporter-output>
  </reporter-output>
  <suite started-at="2023-04-29T14:56:52 IST" name="TestNG Automation Demo" finished-at="2023-04-29T14:57:27 IST" duration-ms="34338">
    <groups>
      <group name="HomePage">
        <method signature="TestNG_Basics.verifyHomePage()[pri:2, instance:com.test.TestNG_Basics@f09733f]" name="verifyHomePage" class="com.test.TestNG_Basics"/>
      </group> <!-- HomePage -->
      <group name="Registration">
        <method signature="TestNG_Basics.navigatetoRegistration()[pri:6, instance:com.test.TestNG_Basics@f09733f]" name="navigatetoRegistration" class="com.test.TestNG_Basics"/>
      </group> <!-- Registration -->
      <group name="Title">
        <method signature="TestNG_Basics.googleTitle()[pri:1, instance:com.test.TestNG_Basics@f09733f]" name="googleTitle" class="com.test.TestNG_Basics"/>
      </group> <!-- Title -->
      <group name="Admin Page">
        <method signature="TestNG_Basics.navigatetoAdminPage()[pri:3, instance:com.test.TestNG_Basics@f09733f]" name="navigatetoAdminPage" class="com.test.TestNG_Basics"/>
        <method signature="TestNG_Basics.verifyAdminDetails()[pri:4, instance:com.test.TestNG_Basics@f09733f]" name="verifyAdminDetails" class="com.test.TestNG_Basics"/>
        <method signature="TestNG_Basics.updateAdminCredentials()[pri:5, instance:com.test.TestNG_Basics@f09733f]" name="updateAdminCredentials" class="com.test.TestNG_Basics"/>
      </group> <!-- Admin Page -->
    </groups>
    <test started-at="2023-04-29T14:56:52 IST" name="TestNG Different Annotation" finished-at="2023-04-29T14:57:27 IST" duration-ms="34338">
      <class name="com.test.TestNG_Basics">
        <test-method is-config="true" signature="setup()[pri:0, instance:com.test.TestNG_Basics@f09733f]" started-at="2023-04-29T14:56:52 IST" name="setup" finished-at="2023-04-29T14:56:52 IST" duration-ms="7" status="PASS">
          <reporter-output>
          </reporter-output>
        </test-method> <!-- setup -->
        <test-method is-config="true" signature="Login()[pri:0, instance:com.test.TestNG_Basics@f09733f]" started-at="2023-04-29T14:56:52 IST" name="Login" finished-at="2023-04-29T14:56:52 IST" duration-ms="0" status="PASS">
          <reporter-output>
          </reporter-output>
        </test-method> <!-- Login -->
        <test-method is-config="true" signature="launchBrowser()[pri:0, instance:com.test.TestNG_Basics@f09733f]" started-at="2023-04-29T14:56:52 IST" name="launchBrowser" finished-at="2023-04-29T14:56:52 IST" duration-ms="0" status="PASS">
          <reporter-output>
          </reporter-output>
        </test-method> <!-- launchBrowser -->
        <test-method is-config="true" signature="enterURL()[pri:0, instance:com.test.TestNG_Basics@f09733f]" started-at="2023-04-29T14:56:52 IST" name="enterURL" finished-at="2023-04-29T14:56:56 IST" duration-ms="3997" status="PASS">
          <reporter-output>
          </reporter-output>
        </test-method> <!-- enterURL -->
        <test-method signature="googleTitle()[pri:1, instance:com.test.TestNG_Basics@f09733f]" started-at="2023-04-29T14:56:56 IST" name="googleTitle" finished-at="2023-04-29T14:56:56 IST" duration-ms="12" status="PASS">
          <reporter-output>
          </reporter-output>
        </test-method> <!-- googleTitle -->
        <test-method is-config="true" signature="logout()[pri:0, instance:com.test.TestNG_Basics@f09733f]" started-at="2023-04-29T14:56:56 IST" name="logout" finished-at="2023-04-29T14:56:57 IST" duration-ms="682" status="PASS">
          <reporter-output>
          </reporter-output>
        </test-method> <!-- logout -->
        <test-method is-config="true" signature="enterURL()[pri:0, instance:com.test.TestNG_Basics@f09733f]" started-at="2023-04-29T14:56:57 IST" name="enterURL" finished-at="2023-04-29T14:57:00 IST" duration-ms="3443" status="PASS">
          <reporter-output>
          </reporter-output>
        </test-method> <!-- enterURL -->
        <test-method signature="verifyHomePage()[pri:2, instance:com.test.TestNG_Basics@f09733f]" started-at="2023-04-29T14:57:00 IST" name="verifyHomePage" finished-at="2023-04-29T14:57:01 IST" depends-on-methods="com.test.TestNG_Basics.googleTitle" duration-ms="44" status="PASS">
          <reporter-output>
          </reporter-output>
        </test-method> <!-- verifyHomePage -->
        <test-method is-config="true" signature="logout()[pri:0, instance:com.test.TestNG_Basics@f09733f]" started-at="2023-04-29T14:57:01 IST" name="logout" finished-at="2023-04-29T14:57:01 IST" duration-ms="680" status="PASS">
          <reporter-output>
          </reporter-output>
        </test-method> <!-- logout -->
        <test-method is-config="true" signature="enterURL()[pri:0, instance:com.test.TestNG_Basics@f09733f]" started-at="2023-04-29T14:57:01 IST" name="enterURL" finished-at="2023-04-29T14:57:05 IST" duration-ms="4106" status="PASS">
          <reporter-output>
          </reporter-output>
        </test-method> <!-- enterURL -->
        <test-method signature="navigatetoAdminPage()[pri:3, instance:com.test.TestNG_Basics@f09733f]" started-at="2023-04-29T14:57:05 IST" name="navigatetoAdminPage" finished-at="2023-04-29T14:57:05 IST" duration-ms="33" status="PASS">
          <reporter-output>
          </reporter-output>
        </test-method> <!-- navigatetoAdminPage -->
        <test-method is-config="true" signature="logout()[pri:0, instance:com.test.TestNG_Basics@f09733f]" started-at="2023-04-29T14:57:05 IST" name="logout" finished-at="2023-04-29T14:57:06 IST" duration-ms="659" status="PASS">
          <reporter-output>
          </reporter-output>
        </test-method> <!-- logout -->
        <test-method is-config="true" signature="enterURL()[pri:0, instance:com.test.TestNG_Basics@f09733f]" started-at="2023-04-29T14:57:06 IST" name="enterURL" finished-at="2023-04-29T14:57:09 IST" duration-ms="3108" status="PASS">
          <reporter-output>
          </reporter-output>
        </test-method> <!-- enterURL -->
        <test-method signature="verifyAdminDetails()[pri:4, instance:com.test.TestNG_Basics@f09733f]" started-at="2023-04-29T14:57:09 IST" name="verifyAdminDetails" finished-at="2023-04-29T14:57:09 IST" duration-ms="2" status="PASS">
          <reporter-output>
          </reporter-output>
        </test-method> <!-- verifyAdminDetails -->
        <test-method is-config="true" signature="logout()[pri:0, instance:com.test.TestNG_Basics@f09733f]" started-at="2023-04-29T14:57:09 IST" name="logout" finished-at="2023-04-29T14:57:10 IST" duration-ms="666" status="PASS">
          <reporter-output>
          </reporter-output>
        </test-method> <!-- logout -->
        <test-method is-config="true" signature="enterURL()[pri:0, instance:com.test.TestNG_Basics@f09733f]" started-at="2023-04-29T14:57:10 IST" name="enterURL" finished-at="2023-04-29T14:57:13 IST" duration-ms="3536" status="PASS">
          <reporter-output>
          </reporter-output>
        </test-method> <!-- enterURL -->
        <test-method signature="verifyAdminDetails()[pri:4, instance:com.test.TestNG_Basics@f09733f]" started-at="2023-04-29T14:57:13 IST" name="verifyAdminDetails" finished-at="2023-04-29T14:57:13 IST" duration-ms="1" status="PASS">
          <reporter-output>
          </reporter-output>
        </test-method> <!-- verifyAdminDetails -->
        <test-method is-config="true" signature="logout()[pri:0, instance:com.test.TestNG_Basics@f09733f]" started-at="2023-04-29T14:57:13 IST" name="logout" finished-at="2023-04-29T14:57:14 IST" duration-ms="698" status="PASS">
          <reporter-output>
          </reporter-output>
        </test-method> <!-- logout -->
        <test-method is-config="true" signature="enterURL()[pri:0, instance:com.test.TestNG_Basics@f09733f]" started-at="2023-04-29T14:57:14 IST" name="enterURL" finished-at="2023-04-29T14:57:17 IST" duration-ms="3384" status="PASS">
          <reporter-output>
          </reporter-output>
        </test-method> <!-- enterURL -->
        <test-method signature="verifyAdminDetails()[pri:4, instance:com.test.TestNG_Basics@f09733f]" started-at="2023-04-29T14:57:17 IST" name="verifyAdminDetails" finished-at="2023-04-29T14:57:17 IST" duration-ms="1" status="PASS">
          <reporter-output>
          </reporter-output>
        </test-method> <!-- verifyAdminDetails -->
        <test-method is-config="true" signature="logout()[pri:0, instance:com.test.TestNG_Basics@f09733f]" started-at="2023-04-29T14:57:17 IST" name="logout" finished-at="2023-04-29T14:57:18 IST" duration-ms="676" status="PASS">
          <reporter-output>
          </reporter-output>
        </test-method> <!-- logout -->
        <test-method is-config="true" signature="enterURL()[pri:0, instance:com.test.TestNG_Basics@f09733f]" started-at="2023-04-29T14:57:18 IST" name="enterURL" finished-at="2023-04-29T14:57:22 IST" duration-ms="3622" status="PASS">
          <reporter-output>
          </reporter-output>
        </test-method> <!-- enterURL -->
        <test-method signature="updateAdminCredentials()[pri:5, instance:com.test.TestNG_Basics@f09733f]" started-at="2023-04-29T14:57:22 IST" name="updateAdminCredentials" finished-at="2023-04-29T14:57:22 IST" depends-on-methods="com.test.TestNG_Basics.verifyAdminDetails" duration-ms="3" status="PASS">
          <reporter-output>
          </reporter-output>
        </test-method> <!-- updateAdminCredentials -->
        <test-method is-config="true" signature="logout()[pri:0, instance:com.test.TestNG_Basics@f09733f]" started-at="2023-04-29T14:57:22 IST" name="logout" finished-at="2023-04-29T14:57:22 IST" duration-ms="666" status="PASS">
          <reporter-output>
          </reporter-output>
        </test-method> <!-- logout -->
        <test-method is-config="true" signature="enterURL()[pri:0, instance:com.test.TestNG_Basics@f09733f]" started-at="2023-04-29T14:57:22 IST" name="enterURL" finished-at="2023-04-29T14:57:26 IST" duration-ms="3609" status="PASS">
          <reporter-output>
          </reporter-output>
        </test-method> <!-- enterURL -->
        <test-method signature="navigatetoRegistration()[pri:6, instance:com.test.TestNG_Basics@f09733f]" started-at="2023-04-29T14:57:26 IST" name="navigatetoRegistration" finished-at="2023-04-29T14:57:26 IST" duration-ms="4" status="PASS">
          <reporter-output>
          </reporter-output>
        </test-method> <!-- navigatetoRegistration -->
        <test-method is-config="true" signature="logout()[pri:0, instance:com.test.TestNG_Basics@f09733f]" started-at="2023-04-29T14:57:26 IST" name="logout" finished-at="2023-04-29T14:57:27 IST" duration-ms="658" status="PASS">
          <reporter-output>
          </reporter-output>
        </test-method> <!-- logout -->
        <test-method is-config="true" signature="deleteAllCookies()[pri:0, instance:com.test.TestNG_Basics@f09733f]" started-at="2023-04-29T14:57:27 IST" name="deleteAllCookies" finished-at="2023-04-29T14:57:27 IST" duration-ms="0" status="PASS">
          <reporter-output>
          </reporter-output>
        </test-method> <!-- deleteAllCookies -->
        <test-method is-config="true" signature="closeBrowser()[pri:0, instance:com.test.TestNG_Basics@f09733f]" started-at="2023-04-29T14:57:27 IST" name="closeBrowser" finished-at="2023-04-29T14:57:27 IST" duration-ms="0" status="PASS">
          <reporter-output>
          </reporter-output>
        </test-method> <!-- closeBrowser -->
        <test-method is-config="true" signature="generateReport()[pri:0, instance:com.test.TestNG_Basics@f09733f]" started-at="2023-04-29T14:57:27 IST" name="generateReport" finished-at="2023-04-29T14:57:27 IST" duration-ms="0" status="PASS">
          <reporter-output>
          </reporter-output>
        </test-method> <!-- generateReport -->
      </class> <!-- com.test.TestNG_Basics -->
    </test> <!-- TestNG Different Annotation -->
  </suite> <!-- TestNG Automation Demo -->
</testng-results>
