<?xml version="1.0" encoding="UTF-8"?>
<testng-results ignored="0" total="0" passed="0" failed="0" skipped="0">
  <reporter-output>
  </reporter-output>
  <suite started-at="2022-10-02T15:26:35 IST" name="Default suite" finished-at="2022-10-02T15:26:35 IST" duration-ms="10">
    <groups>
    </groups>
    <test started-at="2022-10-02T15:26:35 IST" name="Default test" finished-at="2022-10-02T15:26:35 IST" duration-ms="10">
      <class name="com.test.TestNGBasics">
        <test-method is-config="true" signature="setup()[pri:0, instance:com.test.TestNGBasics@3514a4c0]" started-at="2022-10-02T15:26:35 IST" name="setup" finished-at="2022-10-02T15:26:35 IST" duration-ms="5" status="PASS">
          <reporter-output>
          </reporter-output>
        </test-method> <!-- setup -->
        <test-method is-config="true" signature="launchBrowser()[pri:0, instance:com.test.TestNGBasics@3514a4c0]" started-at="2022-10-02T15:26:35 IST" name="launchBrowser" finished-at="2022-10-02T15:26:35 IST" duration-ms="0" status="PASS">
          <reporter-output>
          </reporter-output>
        </test-method> <!-- launchBrowser -->
        <test-method is-config="true" signature="deleteCookies()[pri:0, instance:com.test.TestNGBasics@3514a4c0]" started-at="2022-10-02T15:26:35 IST" name="deleteCookies" finished-at="2022-10-02T15:26:35 IST" duration-ms="1" status="PASS">
          <reporter-output>
          </reporter-output>
        </test-method> <!-- deleteCookies -->
        <test-method is-config="true" signature="generateReport()[pri:0, instance:com.test.TestNGBasics@3514a4c0]" started-at="2022-10-02T15:26:35 IST" name="generateReport" finished-at="2022-10-02T15:26:35 IST" duration-ms="0" status="PASS">
          <reporter-output>
          </reporter-output>
        </test-method> <!-- generateReport -->
      </class> <!-- com.test.TestNGBasics -->
    </test> <!-- Default test -->
  </suite> <!-- Default suite -->
</testng-results>
