<?xml version="1.0" encoding="UTF-8"?>
<testng-results ignored="0" total="1" passed="1" failed="0" skipped="0">
  <reporter-output>
  </reporter-output>
  <suite started-at="2024-06-20T16:55:08 IST" name="Default suite" finished-at="2024-06-20T16:55:14 IST" duration-ms="5579">
    <groups>
    </groups>
    <test started-at="2024-06-20T16:55:08 IST" name="Default test" finished-at="2024-06-20T16:55:14 IST" duration-ms="5579">
      <class name="com.java.SeleniumRerun_Testcase.TestCases_Retry">
        <test-method is-config="true" signature="beforeTest()[pri:0, instance:com.java.SeleniumRerun_Testcase.TestCases_Retry@793f29ff]" started-at="2024-06-20T16:55:08 IST" name="beforeTest" finished-at="2024-06-20T16:55:13 IST" duration-ms="5112" status="PASS">
          <reporter-output>
          </reporter-output>
        </test-method> <!-- beforeTest -->
        <test-method signature="testMethod()[pri:0, instance:com.java.SeleniumRerun_Testcase.TestCases_Retry@793f29ff]" started-at="2024-06-20T16:55:13 IST" name="testMethod" finished-at="2024-06-20T16:55:13 IST" duration-ms="316" status="PASS">
          <reporter-output>
          </reporter-output>
        </test-method> <!-- testMethod -->
        <test-method is-config="true" signature="afterTest()[pri:0, instance:com.java.SeleniumRerun_Testcase.TestCases_Retry@793f29ff]" started-at="2024-06-20T16:55:13 IST" name="afterTest" finished-at="2024-06-20T16:55:14 IST" duration-ms="122" status="PASS">
          <reporter-output>
          </reporter-output>
        </test-method> <!-- afterTest -->
      </class> <!-- com.java.SeleniumRerun_Testcase.TestCases_Retry -->
    </test> <!-- Default test -->
  </suite> <!-- Default suite -->
</testng-results>
