<?xml version="1.0" encoding="UTF-8"?>
<!-- Generated by org.testng.reporters.JUnitXMLReporter -->
<testsuite ignored="0" hostname="DESKTOP-7K7BD1Q" failures="0" tests="8" name="Default test" time="37.368" errors="0" timestamp="2023-04-29T14:41:56 IST">
  <testcase classname="com.test.TestNG_Basics" name="googleTitle" time="0.012"/>
  <testcase classname="com.test.TestNG_Basics" name="verifyHomePage" time="0.05"/>
  <testcase classname="com.test.TestNG_Basics" name="navigatetoAdminPage" time="0.04"/>
  <testcase classname="com.test.TestNG_Basics" name="verifyAdminDetails" time="0.0"/>
  <testcase classname="com.test.TestNG_Basics" name="verifyAdminDetails" time="0.001"/>
  <testcase classname="com.test.TestNG_Basics" name="verifyAdminDetails" time="0.002"/>
  <testcase classname="com.test.TestNG_Basics" name="updateAdminCredentials" time="0.004"/>
  <testcase classname="com.test.TestNG_Basics" name="navigatetoRegistration" time="0.002"/>
</testsuite> <!-- Default test -->
