cucumber.runtime.CucumberException: Couldn't load plugin class: preety
	at cucumber.runtime.formatter.PluginFactory.loadClass(PluginFactory.java:175)
	at cucumber.runtime.formatter.PluginFactory.pluginClass(PluginFactory.java:165)
	at cucumber.runtime.formatter.PluginFactory.getPluginClass(PluginFactory.java:226)
	at cucumber.runtime.formatter.PluginFactory.isFormatterName(PluginFactory.java:195)
	at cucumber.runtime.RuntimeOptionsFactory.addPlugins(RuntimeOptionsFactory.java:90)
	at cucumber.runtime.RuntimeOptionsFactory.buildArgsFromOptions(RuntimeOptionsFactory.java:37)
	at cucumber.runtime.RuntimeOptionsFactory.create(RuntimeOptionsFactory.java:24)
	at cucumber.api.junit.Cucumber.<init>(Cucumber.java:55)
	at sun.reflect.NativeConstructorAccessorImpl.newInstance0(Native Method)
	at sun.reflect.NativeConstructorAccessorImpl.newInstance(NativeConstructorAccessorImpl.java:62)
	at sun.reflect.DelegatingConstructorAccessorImpl.newInstance(DelegatingConstructorAccessorImpl.java:45)
	at java.lang.reflect.Constructor.newInstance(Constructor.java:423)
	at org.junit.internal.builders.AnnotatedBuilder.buildRunner(AnnotatedBuilder.java:104)
	at org.junit.internal.builders.AnnotatedBuilder.runnerForClass(AnnotatedBuilder.java:86)
	at org.junit.runners.model.RunnerBuilder.safeRunnerForClass(RunnerBuilder.java:59)
	at org.junit.internal.builders.AllDefaultPossibilitiesBuilder.runnerForClass(AllDefaultPossibilitiesBuilder.java:26)
	at org.junit.runners.model.RunnerBuilder.safeRunnerForClass(RunnerBuilder.java:59)
	at org.junit.internal.requests.ClassRequest.getRunner(ClassRequest.java:33)
	at org.eclipse.jdt.internal.junit4.runner.JUnit4TestLoader.createUnfilteredTest(JUnit4TestLoader.java:87)
	at org.eclipse.jdt.internal.junit4.runner.JUnit4TestLoader.createTest(JUnit4TestLoader.java:73)
	at org.eclipse.jdt.internal.junit4.runner.JUnit4TestLoader.loadTests(JUnit4TestLoader.java:46)
	at org.eclipse.jdt.internal.junit.runner.RemoteTestRunner.runTests(RemoteTestRunner.java:522)
	at org.eclipse.jdt.internal.junit.runner.RemoteTestRunner.runTests(RemoteTestRunner.java:760)
	at org.eclipse.jdt.internal.junit.runner.RemoteTestRunner.run(RemoteTestRunner.java:460)
	at org.eclipse.jdt.internal.junit.runner.RemoteTestRunner.main(RemoteTestRunner.java:206)
Caused by: java.lang.ClassNotFoundException: preety
	at java.net.URLClassLoader.findClass(URLClassLoader.java:381)
	at java.lang.ClassLoader.loadClass(ClassLoader.java:424)
	at sun.misc.Launcher$AppClassLoader.loadClass(Launcher.java:331)
	at java.lang.ClassLoader.loadClass(ClassLoader.java:357)
	at cucumber.runtime.formatter.PluginFactory.loadClass(PluginFactory.java:173)
	... 24 more

