<?xml version="1.0" encoding="UTF-8"?>
<testng-results skipped="0" failed="0" total="1" passed="1">
  <reporter-output>
  </reporter-output>
  <suite name="Default suite" duration-ms="16441" started-at="2021-06-30T07:25:29Z" finished-at="2021-06-30T07:25:46Z">
    <groups>
    </groups>
    <test name="Default test" duration-ms="16441" started-at="2021-06-30T07:25:29Z" finished-at="2021-06-30T07:25:46Z">
      <class name="com.ej.slfrm.test.GeneralExampleofXpath">
        <test-method status="PASS" signature="getXpath()[pri:0, instance:com.ej.slfrm.test.GeneralExampleofXpath@27c20538]" name="getXpath" duration-ms="16391" started-at="2021-06-30T12:55:29Z" finished-at="2021-06-30T12:55:46Z">
          <reporter-output>
          </reporter-output>
        </test-method> <!-- getXpath -->
      </class> <!-- com.ej.slfrm.test.GeneralExampleofXpath -->
    </test> <!-- Default test -->
  </suite> <!-- Default suite -->
</testng-results>
